<?xml version="1.0" encoding="UTF-8"?>
<testsuite xmlns:xsi="http://www.w3.org/2001/XMLSchema-instance" xsi:noNamespaceSchemaLocation="https://maven.apache.org/surefire/maven-surefire-plugin/xsd/surefire-test-report.xsd" name="com.cte.productinformation.ProductinformationTest" time="0.147" tests="2" errors="0" skipped="0" failures="0">
  <properties>
[...]
</properties>
  <testcase name="calculateCustomerPrice_checkValueFloat" classname="com.cte.productinformation.ProductinformationTest" time="0"/>
  <testcase name="calculateCustomerPrice_checkValueInteger" classname="com.cte.productinformation.ProductinformationTest" time="0"/>
</testsuite>